#
# There is insufficient memory for the Java Runtime Environment to continue.
# Native memory allocation (malloc) failed to allocate 1477536 bytes for Chunk::new
# Possible reasons:
#   The system is out of physical RAM or swap space
#   The process is running with CompressedOops enabled, and the Java Heap may be blocking the growth of the native heap
# Possible solutions:
#   Reduce memory load on the system
#   Increase physical memory or swap space
#   Check if swap backing store is full
#   Decrease Java heap size (-Xmx/-Xms)
#   Decrease number of Java threads
#   Decrease Java thread stack sizes (-Xss)
#   Set larger code cache with -XX:ReservedCodeCacheSize=
#   JVM is running with Unscaled Compressed Oops mode in which the Java heap is
#     placed in the first 4GB address space. The Java Heap base address is the
#     maximum limit for the native heap growth. Please use -XX:HeapBaseMinAddress
#     to set the Java Heap base and to place the Java Heap above 4GB virtual address.
# This output file may be truncated or incomplete.
#
#  Out of Memory Error (arena.cpp:189), pid=20304, tid=15836
#
# JRE version: OpenJDK Runtime Environment Temurin-17.0.6+10 (17.0.6+10) (build 17.0.6+10)
# Java VM: OpenJDK 64-Bit Server VM Temurin-17.0.6+10 (17.0.6+10, mixed mode, tiered, compressed oops, compressed class ptrs, g1 gc, windows-amd64)
# No core dump will be written. Minidumps are not enabled by default on client versions of Windows
#

---------------  S U M M A R Y ------------

Command Line: -XX:+ShowCodeDetailsInExceptionMessages com.example.demo.DemoApplication

Host: AMD Ryzen 7 4800H with Radeon Graphics         , 16 cores, 7G,  Windows 10 , 64 bit Build 19041 (10.0.19041.3636)
Time: Thu Nov 30 18:38:34 2023 SE Asia Standard Time elapsed time: 933.301918 seconds (0d 0h 15m 33s)

---------------  T H R E A D  ---------------

Current thread (0x0000024b7c4d2710):  JavaThread "C2 CompilerThread1" daemon [_thread_in_native, id=15836, stack(0x000000e829c00000,0x000000e829d00000)]


Current CompileTask:
C2: 933302 9944       4       org.springframework.asm.ClassReader::accept (1401 bytes)

Stack: [0x000000e829c00000,0x000000e829d00000]
Native frames: (J=compiled Java code, j=interpreted, Vv=VM code, C=native code)
V  [jvm.dll+0x67741a]
V  [jvm.dll+0x834434]
V  [jvm.dll+0x835bde]
V  [jvm.dll+0x836243]
V  [jvm.dll+0x2457b5]
V  [jvm.dll+0xabafc]
V  [jvm.dll+0xac0cc]
V  [jvm.dll+0x2ac94f]
V  [jvm.dll+0x57de47]
V  [jvm.dll+0x220812]
V  [jvm.dll+0x220bef]
V  [jvm.dll+0x21a445]
V  [jvm.dll+0x21790b]
V  [jvm.dll+0x1a3d0d]
V  [jvm.dll+0x22742a]
V  [jvm.dll+0x225565]
V  [jvm.dll+0x7ea2cb]
V  [jvm.dll+0x7e483a]
V  [jvm.dll+0x6762c5]
C  [ucrtbase.dll+0x21bb2]
C  [KERNEL32.DLL+0x17344]
C  [ntdll.dll+0x526b1]


---------------  P R O C E S S  ---------------

Threads class SMR info:
_java_thread_list=0x0000024b7d10c5f0, length=21, elements={
0x0000024b798012d0, 0x0000024b79801f40, 0x0000024b78cb5220, 0x0000024b78cb6af0,
0x0000024b78cb73b0, 0x0000024b78cb7c70, 0x0000024b7982e550, 0x0000024b7982ee50,
0x0000024b79839f30, 0x0000024b79992530, 0x0000024b799a3a80, 0x0000024b7d206d30,
0x0000024b7d208ee0, 0x0000024b7d206390, 0x0000024b7d209880, 0x0000024b7d2041e0,
0x0000024b7d208540, 0x0000024b7d202ea0, 0x0000024b7ca462f0, 0x0000024b7ca44610,
0x0000024b7c4d2710
}

Java Threads: ( => current thread )
  0x0000024b798012d0 JavaThread "Reference Handler" daemon [_thread_blocked, id=14496, stack(0x000000e828b00000,0x000000e828c00000)]
  0x0000024b79801f40 JavaThread "Finalizer" daemon [_thread_blocked, id=11200, stack(0x000000e828c00000,0x000000e828d00000)]
  0x0000024b78cb5220 JavaThread "Signal Dispatcher" daemon [_thread_blocked, id=17992, stack(0x000000e828d00000,0x000000e828e00000)]
  0x0000024b78cb6af0 JavaThread "Attach Listener" daemon [_thread_blocked, id=22504, stack(0x000000e828e00000,0x000000e828f00000)]
  0x0000024b78cb73b0 JavaThread "Service Thread" daemon [_thread_blocked, id=18472, stack(0x000000e828f00000,0x000000e829000000)]
  0x0000024b78cb7c70 JavaThread "Monitor Deflation Thread" daemon [_thread_blocked, id=20612, stack(0x000000e829000000,0x000000e829100000)]
  0x0000024b7982e550 JavaThread "C2 CompilerThread0" daemon [_thread_in_native, id=20032, stack(0x000000e829100000,0x000000e829200000)]
  0x0000024b7982ee50 JavaThread "C1 CompilerThread0" daemon [_thread_blocked, id=15264, stack(0x000000e829200000,0x000000e829300000)]
  0x0000024b79839f30 JavaThread "Sweeper thread" daemon [_thread_blocked, id=17064, stack(0x000000e829300000,0x000000e829400000)]
  0x0000024b79992530 JavaThread "Notification Thread" daemon [_thread_blocked, id=19652, stack(0x000000e829600000,0x000000e829700000)]
  0x0000024b799a3a80 JavaThread "Common-Cleaner" daemon [_thread_blocked, id=16740, stack(0x000000e829800000,0x000000e829900000)]
  0x0000024b7d206d30 JavaThread "Live Reload Server" daemon [_thread_in_native, id=23340, stack(0x000000e82b500000,0x000000e82b600000)]
  0x0000024b7d208ee0 JavaThread "DestroyJavaVM" [_thread_blocked, id=1704, stack(0x000000e828400000,0x000000e828500000)]
  0x0000024b7d206390 JavaThread "File Watcher" daemon [_thread_blocked, id=3108, stack(0x000000e828300000,0x000000e828400000)]
  0x0000024b7d209880 JavaThread "File Watcher" daemon [_thread_in_native, id=20540, stack(0x000000e829900000,0x000000e829a00000)]
  0x0000024b7d2041e0 JavaThread "File Watcher" daemon [_thread_blocked, id=21292, stack(0x000000e829400000,0x000000e829500000)]
  0x0000024b7d208540 JavaThread "File Watcher" daemon [_thread_in_native, id=10440, stack(0x000000e82a700000,0x000000e82a800000)]
  0x0000024b7d202ea0 JavaThread "File Watcher" daemon [_thread_blocked, id=17812, stack(0x000000e829b00000,0x000000e829c00000)]
  0x0000024b7ca462f0 JavaThread "Thread-26" [_thread_blocked, id=5336, stack(0x000000e829500000,0x000000e829600000)]
  0x0000024b7ca44610 JavaThread "restartedMain" [_thread_in_Java, id=2968, stack(0x000000e828100000,0x000000e828200000)]
=>0x0000024b7c4d2710 JavaThread "C2 CompilerThread1" daemon [_thread_in_native, id=15836, stack(0x000000e829c00000,0x000000e829d00000)]

Other Threads:
  0x0000024b78c54100 VMThread "VM Thread" [stack: 0x000000e828a00000,0x000000e828b00000] [id=4140]
  0x0000024b5f1df320 WatcherThread [stack: 0x000000e829700000,0x000000e829800000] [id=10804]
  0x0000024b5f1a3ae0 GCTaskThread "GC Thread#0" [stack: 0x000000e828500000,0x000000e828600000] [id=11468]
  0x0000024b7a5c76f0 GCTaskThread "GC Thread#1" [stack: 0x000000e829d00000,0x000000e829e00000] [id=22404]
  0x0000024b7a3cc3b0 GCTaskThread "GC Thread#2" [stack: 0x000000e829e00000,0x000000e829f00000] [id=8044]
  0x0000024b7a3cc660 GCTaskThread "GC Thread#3" [stack: 0x000000e829f00000,0x000000e82a000000] [id=18980]
  0x0000024b7a3cc910 GCTaskThread "GC Thread#4" [stack: 0x000000e82a000000,0x000000e82a100000] [id=6952]
  0x0000024b7a3cd3d0 GCTaskThread "GC Thread#5" [stack: 0x000000e82a100000,0x000000e82a200000] [id=16632]
  0x0000024b7ab61a40 GCTaskThread "GC Thread#6" [stack: 0x000000e829a00000,0x000000e829b00000] [id=22132]
  0x0000024b7a6c51e0 GCTaskThread "GC Thread#7" [stack: 0x000000e82a300000,0x000000e82a400000] [id=21892]
  0x0000024b7a869460 GCTaskThread "GC Thread#8" [stack: 0x000000e82a400000,0x000000e82a500000] [id=12476]
  0x0000024b7c94cd10 GCTaskThread "GC Thread#9" [stack: 0x000000e82aa00000,0x000000e82ab00000] [id=6788]
  0x0000024b7c94ca60 GCTaskThread "GC Thread#10" [stack: 0x000000e82ab00000,0x000000e82ac00000] [id=16796]
  0x0000024b7c94d7d0 GCTaskThread "GC Thread#11" [stack: 0x000000e82ac00000,0x000000e82ad00000] [id=20036]
  0x0000024b7c94dd30 GCTaskThread "GC Thread#12" [stack: 0x000000e82a200000,0x000000e82a300000] [id=8960]
  0x0000024b5f1b37a0 ConcurrentGCThread "G1 Main Marker" [stack: 0x000000e828600000,0x000000e828700000] [id=2240]
  0x0000024b5f1b41b0 ConcurrentGCThread "G1 Conc#0" [stack: 0x000000e828700000,0x000000e828800000] [id=18720]
  0x0000024b7ae98c10 ConcurrentGCThread "G1 Conc#1" [stack: 0x000000e82a500000,0x000000e82a600000] [id=19504]
  0x0000024b7b05a450 ConcurrentGCThread "G1 Conc#2" [stack: 0x000000e82a600000,0x000000e82a700000] [id=17824]
  0x0000024b5f20dbe0 ConcurrentGCThread "G1 Refine#0" [stack: 0x000000e828800000,0x000000e828900000] [id=2628]
  0x0000024b5f20e500 ConcurrentGCThread "G1 Service" [stack: 0x000000e828900000,0x000000e828a00000] [id=20680]

Threads with active compile tasks:
C2 CompilerThread0   933342 9950       4       org.springframework.asm.ClassReader::readMethod (1061 bytes)
C2 CompilerThread1   933342 9944       4       org.springframework.asm.ClassReader::accept (1401 bytes)

VM state: not at safepoint (normal execution)

VM Mutex/Monitor currently owned by a thread: None

Heap address: 0x0000000089400000, size: 1900 MB, Compressed Oops mode: 32-bit

CDS archive(s) not mapped
Compressed class space mapped at: 0x0000000100000000-0x0000000140000000, reserved size: 1073741824
Narrow klass base: 0x0000000000000000, Narrow klass shift: 3, Narrow klass range: 0x140000000

GC Precious Log:
 CPUs: 16 total, 16 available
 Memory: 7599M
 Large Page Support: Disabled
 NUMA Support: Disabled
 Compressed Oops: Enabled (32-bit)
 Heap Region Size: 1M
 Heap Min Capacity: 8M
 Heap Initial Capacity: 120M
 Heap Max Capacity: 1900M
 Pre-touch: Disabled
 Parallel Workers: 13
 Concurrent Workers: 3
 Concurrent Refinement Workers: 13
 Periodic GC: Disabled

Heap:
 garbage-first heap   total 137216K, used 74206K [0x0000000089400000, 0x0000000100000000)
  region size 1024K, 36 young (36864K), 0 survivors (0K)
 Metaspace       used 70541K, committed 71232K, reserved 1114112K
  class space    used 8822K, committed 9152K, reserved 1048576K

Heap Regions: E=young(eden), S=young(survivor), O=old, HS=humongous(starts), HC=humongous(continues), CS=collection set, F=free, OA=open archive, CA=closed archive, TAMS=top-at-mark-start (previous, next)
|   0|0x0000000089400000, 0x0000000089500000, 0x0000000089500000|100%|HS|  |TAMS 0x0000000089500000, 0x0000000089400000| Untracked 
|   1|0x0000000089500000, 0x0000000089600000, 0x0000000089600000|100%| O|  |TAMS 0x0000000089600000, 0x0000000089500000| Untracked 
|   2|0x0000000089600000, 0x0000000089700000, 0x0000000089700000|100%| O|  |TAMS 0x0000000089700000, 0x0000000089600000| Untracked 
|   3|0x0000000089700000, 0x00000000897ff950, 0x0000000089800000| 99%| O|  |TAMS 0x00000000897ff950, 0x0000000089700000| Untracked 
|   4|0x0000000089800000, 0x0000000089900000, 0x0000000089900000|100%| O|  |TAMS 0x0000000089900000, 0x0000000089800000| Untracked 
|   5|0x0000000089900000, 0x0000000089a00000, 0x0000000089a00000|100%| O|  |TAMS 0x0000000089a00000, 0x0000000089900000| Untracked 
|   6|0x0000000089a00000, 0x0000000089afffe8, 0x0000000089b00000| 99%| O|  |TAMS 0x0000000089afffe8, 0x0000000089a00000| Untracked 
|   7|0x0000000089b00000, 0x0000000089bffff8, 0x0000000089c00000| 99%| O|  |TAMS 0x0000000089bffff8, 0x0000000089b00000| Untracked 
|   8|0x0000000089c00000, 0x0000000089d00000, 0x0000000089d00000|100%| O|  |TAMS 0x0000000089d00000, 0x0000000089c00000| Untracked 
|   9|0x0000000089d00000, 0x0000000089dffff0, 0x0000000089e00000| 99%| O|  |TAMS 0x0000000089dffff0, 0x0000000089d00000| Untracked 
|  10|0x0000000089e00000, 0x0000000089efffe8, 0x0000000089f00000| 99%| O|  |TAMS 0x0000000089efffe8, 0x0000000089e00000| Untracked 
|  11|0x0000000089f00000, 0x000000008a000000, 0x000000008a000000|100%| O|  |TAMS 0x000000008a000000, 0x0000000089f00000| Untracked 
|  12|0x000000008a000000, 0x000000008a0ffff8, 0x000000008a100000| 99%| O|  |TAMS 0x000000008a0ffff8, 0x000000008a000000| Untracked 
|  13|0x000000008a100000, 0x000000008a200000, 0x000000008a200000|100%| O|  |TAMS 0x000000008a200000, 0x000000008a100000| Untracked 
|  14|0x000000008a200000, 0x000000008a2ffff8, 0x000000008a300000| 99%| O|  |TAMS 0x000000008a2ffff8, 0x000000008a200000| Untracked 
|  15|0x000000008a300000, 0x000000008a3ffff8, 0x000000008a400000| 99%| O|  |TAMS 0x000000008a3ffff8, 0x000000008a300000| Untracked 
|  16|0x000000008a400000, 0x000000008a4ffbc0, 0x000000008a500000| 99%| O|  |TAMS 0x000000008a4ffbc0, 0x000000008a400000| Untracked 
|  17|0x000000008a500000, 0x000000008a5ffff0, 0x000000008a600000| 99%| O|  |TAMS 0x000000008a5ffff0, 0x000000008a500000| Untracked 
|  18|0x000000008a600000, 0x000000008a6ffff0, 0x000000008a700000| 99%| O|  |TAMS 0x000000008a6ffff0, 0x000000008a600000| Untracked 
|  19|0x000000008a700000, 0x000000008a7fffd8, 0x000000008a800000| 99%| O|  |TAMS 0x000000008a700000, 0x000000008a700000| Untracked 
|  20|0x000000008a800000, 0x000000008a8fffe8, 0x000000008a900000| 99%| O|  |TAMS 0x000000008a800000, 0x000000008a800000| Untracked 
|  21|0x000000008a900000, 0x000000008a9fffa0, 0x000000008aa00000| 99%| O|  |TAMS 0x000000008a900000, 0x000000008a900000| Untracked 
|  22|0x000000008aa00000, 0x000000008aafffd0, 0x000000008ab00000| 99%| O|  |TAMS 0x000000008aa00000, 0x000000008aa00000| Untracked 
|  23|0x000000008ab00000, 0x000000008abffff8, 0x000000008ac00000| 99%| O|  |TAMS 0x000000008ab00000, 0x000000008ab00000| Untracked 
|  24|0x000000008ac00000, 0x000000008acff6e8, 0x000000008ad00000| 99%| O|  |TAMS 0x000000008ac00000, 0x000000008ac00000| Untracked 
|  25|0x000000008ad00000, 0x000000008adffff0, 0x000000008ae00000| 99%| O|  |TAMS 0x000000008ad00000, 0x000000008ad00000| Untracked 
|  26|0x000000008ae00000, 0x000000008ae8d5c0, 0x000000008af00000| 55%| O|  |TAMS 0x000000008ae00000, 0x000000008ae00000| Untracked 
|  27|0x000000008af00000, 0x000000008af00000, 0x000000008b000000|  0%| F|  |TAMS 0x000000008af00000, 0x000000008af00000| Untracked 
|  28|0x000000008b000000, 0x000000008b100000, 0x000000008b100000|100%| O|  |TAMS 0x000000008b000000, 0x000000008b000000| Untracked 
|  29|0x000000008b100000, 0x000000008b1fffe8, 0x000000008b200000| 99%| O|  |TAMS 0x000000008b100000, 0x000000008b100000| Untracked 
|  30|0x000000008b200000, 0x000000008b200000, 0x000000008b300000|  0%| F|  |TAMS 0x000000008b200000, 0x000000008b200000| Untracked 
|  31|0x000000008b300000, 0x000000008b3fffb8, 0x000000008b400000| 99%| O|  |TAMS 0x000000008b300000, 0x000000008b300000| Untracked 
|  32|0x000000008b400000, 0x000000008b4fffe8, 0x000000008b500000| 99%| O|  |TAMS 0x000000008b400000, 0x000000008b400000| Untracked 
|  33|0x000000008b500000, 0x000000008b5fffd0, 0x000000008b600000| 99%| O|  |TAMS 0x000000008b500000, 0x000000008b500000| Untracked 
|  34|0x000000008b600000, 0x000000008b600000, 0x000000008b700000|  0%| F|  |TAMS 0x000000008b600000, 0x000000008b600000| Untracked 
|  35|0x000000008b700000, 0x000000008b772a10, 0x000000008b800000| 44%| O|  |TAMS 0x000000008b700000, 0x000000008b700000| Untracked 
|  36|0x000000008b800000, 0x000000008b800000, 0x000000008b900000|  0%| F|  |TAMS 0x000000008b800000, 0x000000008b800000| Untracked 
|  37|0x000000008b900000, 0x000000008b900000, 0x000000008ba00000|  0%| F|  |TAMS 0x000000008b900000, 0x000000008b900000| Untracked 
|  38|0x000000008ba00000, 0x000000008baffff8, 0x000000008bb00000| 99%| O|  |TAMS 0x000000008ba00000, 0x000000008ba00000| Untracked 
|  39|0x000000008bb00000, 0x000000008bbfffd8, 0x000000008bc00000| 99%| O|  |TAMS 0x000000008bb00000, 0x000000008bb00000| Untracked 
|  40|0x000000008bc00000, 0x000000008bc78f50, 0x000000008bd00000| 47%| O|  |TAMS 0x000000008bc00000, 0x000000008bc00000| Untracked 
|  41|0x000000008bd00000, 0x000000008bdfffd0, 0x000000008be00000| 99%| O|  |TAMS 0x000000008bd00000, 0x000000008bd00000| Untracked 
|  42|0x000000008be00000, 0x000000008bedda80, 0x000000008bf00000| 86%| O|  |TAMS 0x000000008be00000, 0x000000008be00000| Untracked 
|  43|0x000000008bf00000, 0x000000008bf30578, 0x000000008c000000| 18%| O|  |TAMS 0x000000008bf00000, 0x000000008bf00000| Untracked 
|  44|0x000000008c000000, 0x000000008c000000, 0x000000008c100000|  0%| F|  |TAMS 0x000000008c000000, 0x000000008c000000| Untracked 
|  45|0x000000008c100000, 0x000000008c100000, 0x000000008c200000|  0%| F|  |TAMS 0x000000008c100000, 0x000000008c100000| Untracked 
|  46|0x000000008c200000, 0x000000008c200000, 0x000000008c300000|  0%| F|  |TAMS 0x000000008c200000, 0x000000008c200000| Untracked 
|  47|0x000000008c300000, 0x000000008c300000, 0x000000008c400000|  0%| F|  |TAMS 0x000000008c300000, 0x000000008c300000| Untracked 
|  48|0x000000008c400000, 0x000000008c400000, 0x000000008c500000|  0%| F|  |TAMS 0x000000008c400000, 0x000000008c400000| Untracked 
|  49|0x000000008c500000, 0x000000008c500000, 0x000000008c600000|  0%| F|  |TAMS 0x000000008c500000, 0x000000008c500000| Untracked 
|  50|0x000000008c600000, 0x000000008c600000, 0x000000008c700000|  0%| F|  |TAMS 0x000000008c600000, 0x000000008c600000| Untracked 
|  51|0x000000008c700000, 0x000000008c7f20d8, 0x000000008c800000| 94%| O|  |TAMS 0x000000008c700000, 0x000000008c700000| Untracked 
|  52|0x000000008c800000, 0x000000008c800000, 0x000000008c900000|  0%| F|  |TAMS 0x000000008c800000, 0x000000008c800000| Untracked 
|  53|0x000000008c900000, 0x000000008c900000, 0x000000008ca00000|  0%| F|  |TAMS 0x000000008c900000, 0x000000008c900000| Untracked 
|  54|0x000000008ca00000, 0x000000008ca00000, 0x000000008cb00000|  0%| F|  |TAMS 0x000000008ca00000, 0x000000008ca00000| Untracked 
|  55|0x000000008cb00000, 0x000000008cb00000, 0x000000008cc00000|  0%| F|  |TAMS 0x000000008cb00000, 0x000000008cb00000| Untracked 
|  56|0x000000008cc00000, 0x000000008cc00000, 0x000000008cd00000|  0%| F|  |TAMS 0x000000008cc00000, 0x000000008cc00000| Untracked 
|  57|0x000000008cd00000, 0x000000008cd00000, 0x000000008ce00000|  0%| F|  |TAMS 0x000000008cd00000, 0x000000008cd00000| Untracked 
|  58|0x000000008ce00000, 0x000000008ce00000, 0x000000008cf00000|  0%| F|  |TAMS 0x000000008ce00000, 0x000000008ce00000| Untracked 
|  59|0x000000008cf00000, 0x000000008cf00000, 0x000000008d000000|  0%| F|  |TAMS 0x000000008cf00000, 0x000000008cf00000| Untracked 
|  60|0x000000008d000000, 0x000000008d000000, 0x000000008d100000|  0%| F|  |TAMS 0x000000008d000000, 0x000000008d000000| Untracked 
|  61|0x000000008d100000, 0x000000008d100000, 0x000000008d200000|  0%| F|  |TAMS 0x000000008d100000, 0x000000008d100000| Untracked 
|  62|0x000000008d200000, 0x000000008d200000, 0x000000008d300000|  0%| F|  |TAMS 0x000000008d200000, 0x000000008d200000| Untracked 
|  63|0x000000008d300000, 0x000000008d300000, 0x000000008d400000|  0%| F|  |TAMS 0x000000008d300000, 0x000000008d300000| Untracked 
|  64|0x000000008d400000, 0x000000008d400000, 0x000000008d500000|  0%| F|  |TAMS 0x000000008d400000, 0x000000008d400000| Untracked 
|  65|0x000000008d500000, 0x000000008d500000, 0x000000008d600000|  0%| F|  |TAMS 0x000000008d500000, 0x000000008d500000| Untracked 
|  66|0x000000008d600000, 0x000000008d600000, 0x000000008d700000|  0%| F|  |TAMS 0x000000008d600000, 0x000000008d600000| Untracked 
|  67|0x000000008d700000, 0x000000008d700000, 0x000000008d800000|  0%| F|  |TAMS 0x000000008d700000, 0x000000008d700000| Untracked 
|  68|0x000000008d800000, 0x000000008d800000, 0x000000008d900000|  0%| F|  |TAMS 0x000000008d800000, 0x000000008d800000| Untracked 
|  69|0x000000008d900000, 0x000000008d900000, 0x000000008da00000|  0%| F|  |TAMS 0x000000008d900000, 0x000000008d900000| Untracked 
|  70|0x000000008da00000, 0x000000008da00000, 0x000000008db00000|  0%| F|  |TAMS 0x000000008da00000, 0x000000008da00000| Untracked 
|  71|0x000000008db00000, 0x000000008db00000, 0x000000008dc00000|  0%| F|  |TAMS 0x000000008db00000, 0x000000008db00000| Untracked 
|  72|0x000000008dc00000, 0x000000008dc00000, 0x000000008dd00000|  0%| F|  |TAMS 0x000000008dc00000, 0x000000008dc00000| Untracked 
|  73|0x000000008dd00000, 0x000000008dd00000, 0x000000008de00000|  0%| F|  |TAMS 0x000000008dd00000, 0x000000008dd00000| Untracked 
|  74|0x000000008de00000, 0x000000008de00000, 0x000000008df00000|  0%| F|  |TAMS 0x000000008de00000, 0x000000008de00000| Untracked 
|  75|0x000000008df00000, 0x000000008df00000, 0x000000008e000000|  0%| F|  |TAMS 0x000000008df00000, 0x000000008df00000| Untracked 
|  76|0x000000008e000000, 0x000000008e000000, 0x000000008e100000|  0%| F|  |TAMS 0x000000008e000000, 0x000000008e000000| Untracked 
|  77|0x000000008e100000, 0x000000008e100000, 0x000000008e200000|  0%| F|  |TAMS 0x000000008e100000, 0x000000008e100000| Untracked 
|  78|0x000000008e200000, 0x000000008e200000, 0x000000008e300000|  0%| F|  |TAMS 0x000000008e200000, 0x000000008e200000| Untracked 
|  79|0x000000008e300000, 0x000000008e300000, 0x000000008e400000|  0%| F|  |TAMS 0x000000008e300000, 0x000000008e300000| Untracked 
|  80|0x000000008e400000, 0x000000008e400000, 0x000000008e500000|  0%| F|  |TAMS 0x000000008e400000, 0x000000008e400000| Untracked 
|  81|0x000000008e500000, 0x000000008e500000, 0x000000008e600000|  0%| F|  |TAMS 0x000000008e500000, 0x000000008e500000| Untracked 
|  82|0x000000008e600000, 0x000000008e600000, 0x000000008e700000|  0%| F|  |TAMS 0x000000008e600000, 0x000000008e600000| Untracked 
|  83|0x000000008e700000, 0x000000008e700000, 0x000000008e800000|  0%| F|  |TAMS 0x000000008e700000, 0x000000008e700000| Untracked 
|  84|0x000000008e800000, 0x000000008e800000, 0x000000008e900000|  0%| F|  |TAMS 0x000000008e800000, 0x000000008e800000| Untracked 
|  85|0x000000008e900000, 0x000000008e900000, 0x000000008ea00000|  0%| F|  |TAMS 0x000000008e900000, 0x000000008e900000| Untracked 
|  86|0x000000008ea00000, 0x000000008ea00000, 0x000000008eb00000|  0%| F|  |TAMS 0x000000008ea00000, 0x000000008ea00000| Untracked 
|  87|0x000000008eb00000, 0x000000008eb00000, 0x000000008ec00000|  0%| F|  |TAMS 0x000000008eb00000, 0x000000008eb00000| Untracked 
|  88|0x000000008ec00000, 0x000000008ec00000, 0x000000008ed00000|  0%| F|  |TAMS 0x000000008ec00000, 0x000000008ec00000| Untracked 
|  89|0x000000008ed00000, 0x000000008ed00000, 0x000000008ee00000|  0%| F|  |TAMS 0x000000008ed00000, 0x000000008ed00000| Untracked 
|  90|0x000000008ee00000, 0x000000008ee00000, 0x000000008ef00000|  0%| F|  |TAMS 0x000000008ee00000, 0x000000008ee00000| Untracked 
|  91|0x000000008ef00000, 0x000000008ef00000, 0x000000008f000000|  0%| F|  |TAMS 0x000000008ef00000, 0x000000008ef00000| Untracked 
|  92|0x000000008f000000, 0x000000008f000000, 0x000000008f100000|  0%| F|  |TAMS 0x000000008f000000, 0x000000008f000000| Untracked 
|  93|0x000000008f100000, 0x000000008f100000, 0x000000008f200000|  0%| F|  |TAMS 0x000000008f100000, 0x000000008f100000| Untracked 
|  94|0x000000008f200000, 0x000000008f200000, 0x000000008f300000|  0%| F|  |TAMS 0x000000008f200000, 0x000000008f200000| Untracked 
|  95|0x000000008f300000, 0x000000008f300000, 0x000000008f400000|  0%| F|  |TAMS 0x000000008f300000, 0x000000008f300000| Untracked 
|  96|0x000000008f400000, 0x000000008f400000, 0x000000008f500000|  0%| F|  |TAMS 0x000000008f400000, 0x000000008f400000| Untracked 
|  97|0x000000008f500000, 0x000000008f500000, 0x000000008f600000|  0%| F|  |TAMS 0x000000008f500000, 0x000000008f500000| Untracked 
|  98|0x000000008f600000, 0x000000008f6c6e90, 0x000000008f700000| 77%| E|  |TAMS 0x000000008f600000, 0x000000008f600000| Complete 
|  99|0x000000008f700000, 0x000000008f800000, 0x000000008f800000|100%| E|CS|TAMS 0x000000008f700000, 0x000000008f700000| Complete 
| 100|0x000000008f800000, 0x000000008f900000, 0x000000008f900000|100%| E|CS|TAMS 0x000000008f800000, 0x000000008f800000| Complete 
| 101|0x000000008f900000, 0x000000008fa00000, 0x000000008fa00000|100%| E|CS|TAMS 0x000000008f900000, 0x000000008f900000| Complete 
| 102|0x000000008fa00000, 0x000000008fb00000, 0x000000008fb00000|100%| E|CS|TAMS 0x000000008fa00000, 0x000000008fa00000| Complete 
| 103|0x000000008fb00000, 0x000000008fc00000, 0x000000008fc00000|100%| E|CS|TAMS 0x000000008fb00000, 0x000000008fb00000| Complete 
| 104|0x000000008fc00000, 0x000000008fd00000, 0x000000008fd00000|100%| E|CS|TAMS 0x000000008fc00000, 0x000000008fc00000| Complete 
| 105|0x000000008fd00000, 0x000000008fe00000, 0x000000008fe00000|100%| E|CS|TAMS 0x000000008fd00000, 0x000000008fd00000| Complete 
| 106|0x000000008fe00000, 0x000000008ff00000, 0x000000008ff00000|100%| E|CS|TAMS 0x000000008fe00000, 0x000000008fe00000| Complete 
| 107|0x000000008ff00000, 0x0000000090000000, 0x0000000090000000|100%| E|CS|TAMS 0x000000008ff00000, 0x000000008ff00000| Complete 
| 108|0x0000000090000000, 0x0000000090100000, 0x0000000090100000|100%| E|CS|TAMS 0x0000000090000000, 0x0000000090000000| Complete 
| 109|0x0000000090100000, 0x0000000090200000, 0x0000000090200000|100%| E|CS|TAMS 0x0000000090100000, 0x0000000090100000| Complete 
| 110|0x0000000090200000, 0x0000000090300000, 0x0000000090300000|100%| E|CS|TAMS 0x0000000090200000, 0x0000000090200000| Complete 
| 111|0x0000000090300000, 0x0000000090400000, 0x0000000090400000|100%| E|CS|TAMS 0x0000000090300000, 0x0000000090300000| Complete 
| 112|0x0000000090400000, 0x0000000090500000, 0x0000000090500000|100%| E|CS|TAMS 0x0000000090400000, 0x0000000090400000| Complete 
| 113|0x0000000090500000, 0x0000000090600000, 0x0000000090600000|100%| E|CS|TAMS 0x0000000090500000, 0x0000000090500000| Complete 
| 114|0x0000000090600000, 0x0000000090700000, 0x0000000090700000|100%| E|CS|TAMS 0x0000000090600000, 0x0000000090600000| Complete 
| 115|0x0000000090700000, 0x0000000090800000, 0x0000000090800000|100%| E|CS|TAMS 0x0000000090700000, 0x0000000090700000| Complete 
| 116|0x0000000090800000, 0x0000000090900000, 0x0000000090900000|100%| E|CS|TAMS 0x0000000090800000, 0x0000000090800000| Complete 
| 117|0x0000000090900000, 0x0000000090a00000, 0x0000000090a00000|100%| E|CS|TAMS 0x0000000090900000, 0x0000000090900000| Complete 
| 118|0x0000000090a00000, 0x0000000090b00000, 0x0000000090b00000|100%| E|CS|TAMS 0x0000000090a00000, 0x0000000090a00000| Complete 
| 119|0x0000000090b00000, 0x0000000090c00000, 0x0000000090c00000|100%| E|CS|TAMS 0x0000000090b00000, 0x0000000090b00000| Complete 
| 120|0x0000000090c00000, 0x0000000090d00000, 0x0000000090d00000|100%| E|CS|TAMS 0x0000000090c00000, 0x0000000090c00000| Complete 
| 121|0x0000000090d00000, 0x0000000090e00000, 0x0000000090e00000|100%| E|CS|TAMS 0x0000000090d00000, 0x0000000090d00000| Complete 
| 122|0x0000000090e00000, 0x0000000090f00000, 0x0000000090f00000|100%| E|CS|TAMS 0x0000000090e00000, 0x0000000090e00000| Complete 
| 123|0x0000000090f00000, 0x0000000091000000, 0x0000000091000000|100%| E|CS|TAMS 0x0000000090f00000, 0x0000000090f00000| Complete 
| 124|0x0000000091000000, 0x0000000091100000, 0x0000000091100000|100%| E|CS|TAMS 0x0000000091000000, 0x0000000091000000| Complete 
| 125|0x0000000091100000, 0x0000000091200000, 0x0000000091200000|100%| E|CS|TAMS 0x0000000091100000, 0x0000000091100000| Complete 
| 126|0x0000000091200000, 0x0000000091300000, 0x0000000091300000|100%| E|CS|TAMS 0x0000000091200000, 0x0000000091200000| Complete 
| 127|0x0000000091300000, 0x0000000091400000, 0x0000000091400000|100%| E|CS|TAMS 0x0000000091300000, 0x0000000091300000| Complete 
| 128|0x0000000091400000, 0x0000000091500000, 0x0000000091500000|100%| E|CS|TAMS 0x0000000091400000, 0x0000000091400000| Complete 
| 129|0x0000000091500000, 0x0000000091600000, 0x0000000091600000|100%| E|CS|TAMS 0x0000000091500000, 0x0000000091500000| Complete 
| 130|0x0000000091600000, 0x0000000091700000, 0x0000000091700000|100%| E|CS|TAMS 0x0000000091600000, 0x0000000091600000| Complete 
| 131|0x0000000091700000, 0x0000000091800000, 0x0000000091800000|100%| E|CS|TAMS 0x0000000091700000, 0x0000000091700000| Complete 
| 132|0x0000000091800000, 0x0000000091900000, 0x0000000091900000|100%| E|CS|TAMS 0x0000000091800000, 0x0000000091800000| Complete 
| 133|0x0000000091900000, 0x0000000091a00000, 0x0000000091a00000|100%| E|CS|TAMS 0x0000000091900000, 0x0000000091900000| Complete 

Card table byte_map: [0x0000024b71a10000,0x0000024b71dd0000] _byte_map_base: 0x0000024b715c6000

Marking Bits (Prev, Next): (CMBitMap*) 0x0000024b5f1a4130, (CMBitMap*) 0x0000024b5f1a40f0
 Prev Bits: [0x0000024b73f40000, 0x0000024b75cf0000)
 Next Bits: [0x0000024b72190000, 0x0000024b73f40000)

Polling page: 0x0000024b5ce70000

Metaspace:

Usage:
  Non-class:     60.27 MB used.
      Class:      8.62 MB used.
       Both:     68.89 MB used.

Virtual space:
  Non-class space:       64.00 MB reserved,      60.62 MB ( 95%) committed,  8 nodes.
      Class space:        1.00 GB reserved,       8.94 MB ( <1%) committed,  1 nodes.
             Both:        1.06 GB reserved,      69.56 MB (  6%) committed. 

Chunk freelists:
   Non-Class:  3.41 MB
       Class:  3.10 MB
        Both:  6.51 MB

MaxMetaspaceSize: unlimited
CompressedClassSpaceSize: 1.00 GB
Initial GC threshold: 21.00 MB
Current GC threshold: 115.88 MB
CDS: off
MetaspaceReclaimPolicy: balanced
 - commit_granule_bytes: 65536.
 - commit_granule_words: 8192.
 - virtual_space_node_default_size: 1048576.
 - enlarge_chunks_in_place: 1.
 - new_chunks_are_fully_committed: 0.
 - uncommit_free_chunks: 1.
 - use_allocation_guard: 0.
 - handle_deallocations: 1.


Internal statistics:

num_allocs_failed_limit: 6.
num_arena_births: 838.
num_arena_deaths: 8.
num_vsnodes_births: 9.
num_vsnodes_deaths: 0.
num_space_committed: 1113.
num_space_uncommitted: 0.
num_chunks_returned_to_freelist: 15.
num_chunks_taken_from_freelist: 3097.
num_chunk_merges: 6.
num_chunk_splits: 2125.
num_chunks_enlarged: 1574.
num_purges: 12.
num_inconsistent_stats: 0.

CodeHeap 'non-profiled nmethods': size=119168Kb used=6948Kb max_used=6948Kb free=112219Kb
 bounds [0x0000024b69970000, 0x0000024b6a040000, 0x0000024b70dd0000]
CodeHeap 'profiled nmethods': size=119104Kb used=17874Kb max_used=17874Kb free=101230Kb
 bounds [0x0000024b61dd0000, 0x0000024b62f50000, 0x0000024b69220000]
CodeHeap 'non-nmethods': size=7488Kb used=1335Kb max_used=3085Kb free=6152Kb
 bounds [0x0000024b69220000, 0x0000024b69530000, 0x0000024b69970000]
 total_blobs=9166 nmethods=8503 adapters=572
 compilation: enabled
              stopped_count=0, restarted_count=0
 full_count=0

Compilation events (20 events):
Event: 933.106 Thread 0x0000024b7982ee50 9965       3       org.springframework.core.type.StandardAnnotationMetadata::<init> (25 bytes)
Event: 933.107 Thread 0x0000024b7982ee50 nmethod 9965 0x0000024b62f3e710 code [0x0000024b62f3e900, 0x0000024b62f3ee18]
Event: 933.107 Thread 0x0000024b7982ee50 9966       3       org.springframework.core.type.StandardClassMetadata::<init> (16 bytes)
Event: 933.108 Thread 0x0000024b7982ee50 nmethod 9966 0x0000024b62f3f010 code [0x0000024b62f3f1c0, 0x0000024b62f3f4e8]
Event: 933.115 Thread 0x0000024b7982ee50 9967   !   3       sun.nio.fs.WindowsDirectoryStream::<init> (175 bytes)
Event: 933.117 Thread 0x0000024b7982ee50 nmethod 9967 0x0000024b62f3f610 code [0x0000024b62f3fa00, 0x0000024b62f413a8]
Event: 933.117 Thread 0x0000024b7982ee50 9972       3       org.springframework.core.io.FileSystemResource::equals (37 bytes)
Event: 933.118 Thread 0x0000024b7982ee50 nmethod 9972 0x0000024b62f41f90 code [0x0000024b62f42140, 0x0000024b62f42528]
Event: 933.118 Thread 0x0000024b7982ee50 9968   !   3       sun.nio.fs.WindowsNativeDispatcher::FindFirstFile (38 bytes)
Event: 933.119 Thread 0x0000024b7982ee50 nmethod 9968 0x0000024b62f42610 code [0x0000024b62f42800, 0x0000024b62f42c18]
Event: 933.119 Thread 0x0000024b7982ee50 9969       3       sun.nio.fs.WindowsNativeDispatcher$FirstFile::<init> (5 bytes)
Event: 933.119 Thread 0x0000024b7982ee50 nmethod 9969 0x0000024b62f42e90 code [0x0000024b62f43020, 0x0000024b62f43178]
Event: 933.276 Thread 0x0000024b7982ee50 9973       3       sun.reflect.generics.repository.MethodRepository::getReturnType (21 bytes)
Event: 933.277 Thread 0x0000024b7982ee50 nmethod 9973 0x0000024b62f43210 code [0x0000024b62f43400, 0x0000024b62f43bc8]
Event: 933.285 Thread 0x0000024b7982ee50 9974       3       org.springframework.boot.autoconfigure.condition.ConditionMessage$Builder::found (7 bytes)
Event: 933.286 Thread 0x0000024b7982ee50 nmethod 9974 0x0000024b62f43e10 code [0x0000024b62f43fa0, 0x0000024b62f440e8]
Event: 933.289 Thread 0x0000024b7982ee50 9975   !   3       java.util.stream.ReferencePipeline$7$1::accept (127 bytes)
Event: 933.290 Thread 0x0000024b7982ee50 nmethod 9975 0x0000024b62f44190 code [0x0000024b62f44420, 0x0000024b62f45318]
Event: 933.290 Thread 0x0000024b7982ee50 9976       3       java.util.stream.AbstractPipeline::sequential (10 bytes)
Event: 933.291 Thread 0x0000024b7982ee50 nmethod 9976 0x0000024b62f45990 code [0x0000024b62f45b20, 0x0000024b62f45c38]

GC Heap History (20 events):
Event: 909.481 GC heap before
{Heap before GC invocations=192 (full 1):
 garbage-first heap   total 172032K, used 130904K [0x0000000089400000, 0x0000000100000000)
  region size 1024K, 77 young (78848K), 2 survivors (2048K)
 Metaspace       used 69755K, committed 70400K, reserved 1114112K
  class space    used 8774K, committed 9088K, reserved 1048576K
}
Event: 909.485 GC heap after
{Heap after GC invocations=193 (full 1):
 garbage-first heap   total 172032K, used 55428K [0x0000000089400000, 0x0000000100000000)
  region size 1024K, 3 young (3072K), 3 survivors (3072K)
 Metaspace       used 69755K, committed 70400K, reserved 1114112K
  class space    used 8774K, committed 9088K, reserved 1048576K
}
Event: 916.068 GC heap before
{Heap before GC invocations=193 (full 1):
 garbage-first heap   total 172032K, used 134276K [0x0000000089400000, 0x0000000100000000)
  region size 1024K, 80 young (81920K), 3 survivors (3072K)
 Metaspace       used 69755K, committed 70400K, reserved 1114112K
  class space    used 8774K, committed 9088K, reserved 1048576K
}
Event: 916.074 GC heap after
{Heap after GC invocations=194 (full 1):
 garbage-first heap   total 172032K, used 58283K [0x0000000089400000, 0x0000000100000000)
  region size 1024K, 6 young (6144K), 6 survivors (6144K)
 Metaspace       used 69755K, committed 70400K, reserved 1114112K
  class space    used 8774K, committed 9088K, reserved 1048576K
}
Event: 917.597 GC heap before
{Heap before GC invocations=194 (full 1):
 garbage-first heap   total 172032K, used 83883K [0x0000000089400000, 0x0000000100000000)
  region size 1024K, 32 young (32768K), 6 survivors (6144K)
 Metaspace       used 69771K, committed 70400K, reserved 1114112K
  class space    used 8775K, committed 9088K, reserved 1048576K
}
Event: 917.683 GC heap after
{Heap after GC invocations=195 (full 2):
 garbage-first heap   total 143360K, used 38997K [0x0000000089400000, 0x0000000100000000)
  region size 1024K, 0 young (0K), 0 survivors (0K)
 Metaspace       used 69771K, committed 70400K, reserved 1114112K
  class space    used 8775K, committed 9088K, reserved 1048576K
}
Event: 918.837 GC heap before
{Heap before GC invocations=195 (full 2):
 garbage-first heap   total 143360K, used 104533K [0x0000000089400000, 0x0000000100000000)
  region size 1024K, 65 young (66560K), 0 survivors (0K)
 Metaspace       used 69896K, committed 70528K, reserved 1114112K
  class space    used 8784K, committed 9088K, reserved 1048576K
}
Event: 918.847 GC heap after
{Heap after GC invocations=196 (full 2):
 garbage-first heap   total 143360K, used 46038K [0x0000000089400000, 0x0000000100000000)
  region size 1024K, 7 young (7168K), 7 survivors (7168K)
 Metaspace       used 69896K, committed 70528K, reserved 1114112K
  class space    used 8784K, committed 9088K, reserved 1048576K
}
Event: 921.964 GC heap before
{Heap before GC invocations=197 (full 2):
 garbage-first heap   total 143360K, used 105430K [0x0000000089400000, 0x0000000100000000)
  region size 1024K, 65 young (66560K), 7 survivors (7168K)
 Metaspace       used 70147K, committed 70784K, reserved 1114112K
  class space    used 8795K, committed 9088K, reserved 1048576K
}
Event: 921.975 GC heap after
{Heap after GC invocations=198 (full 2):
 garbage-first heap   total 143360K, used 50942K [0x0000000089400000, 0x0000000100000000)
  region size 1024K, 9 young (9216K), 9 survivors (9216K)
 Metaspace       used 70147K, committed 70784K, reserved 1114112K
  class space    used 8795K, committed 9088K, reserved 1048576K
}
Event: 922.016 GC heap before
{Heap before GC invocations=198 (full 2):
 garbage-first heap   total 143360K, used 51966K [0x0000000089400000, 0x0000000100000000)
  region size 1024K, 10 young (10240K), 9 survivors (9216K)
 Metaspace       used 70147K, committed 70784K, reserved 1114112K
  class space    used 8795K, committed 9088K, reserved 1048576K
}
Event: 922.024 GC heap after
{Heap after GC invocations=199 (full 2):
 garbage-first heap   total 143360K, used 51638K [0x0000000089400000, 0x0000000100000000)
  region size 1024K, 2 young (2048K), 2 survivors (2048K)
 Metaspace       used 70147K, committed 70784K, reserved 1114112K
  class space    used 8795K, committed 9088K, reserved 1048576K
}
Event: 923.006 GC heap before
{Heap before GC invocations=199 (full 2):
 garbage-first heap   total 143360K, used 65974K [0x0000000089400000, 0x0000000100000000)
  region size 1024K, 17 young (17408K), 2 survivors (2048K)
 Metaspace       used 70170K, committed 70784K, reserved 1114112K
  class space    used 8795K, committed 9088K, reserved 1048576K
}
Event: 923.131 GC heap after
{Heap after GC invocations=200 (full 3):
 garbage-first heap   total 143360K, used 40794K [0x0000000089400000, 0x0000000100000000)
  region size 1024K, 0 young (0K), 0 survivors (0K)
 Metaspace       used 70167K, committed 70784K, reserved 1114112K
  class space    used 8795K, committed 9088K, reserved 1048576K
}
Event: 925.371 GC heap before
{Heap before GC invocations=200 (full 3):
 garbage-first heap   total 143360K, used 103258K [0x0000000089400000, 0x0000000100000000)
  region size 1024K, 61 young (62464K), 0 survivors (0K)
 Metaspace       used 70247K, committed 70848K, reserved 1114112K
  class space    used 8804K, committed 9088K, reserved 1048576K
}
Event: 925.378 GC heap after
{Heap after GC invocations=201 (full 3):
 garbage-first heap   total 143360K, used 48267K [0x0000000089400000, 0x0000000100000000)
  region size 1024K, 8 young (8192K), 8 survivors (8192K)
 Metaspace       used 70247K, committed 70848K, reserved 1114112K
  class space    used 8804K, committed 9088K, reserved 1048576K
}
Event: 927.948 GC heap before
{Heap before GC invocations=201 (full 3):
 garbage-first heap   total 143360K, used 103563K [0x0000000089400000, 0x0000000100000000)
  region size 1024K, 62 young (63488K), 8 survivors (8192K)
 Metaspace       used 70476K, committed 71168K, reserved 1114112K
  class space    used 8811K, committed 9152K, reserved 1048576K
}
Event: 927.966 GC heap after
{Heap after GC invocations=202 (full 3):
 garbage-first heap   total 172032K, used 51285K [0x0000000089400000, 0x0000000100000000)
  region size 1024K, 8 young (8192K), 8 survivors (8192K)
 Metaspace       used 70476K, committed 71168K, reserved 1114112K
  class space    used 8811K, committed 9152K, reserved 1048576K
}
Event: 932.104 GC heap before
{Heap before GC invocations=202 (full 3):
 garbage-first heap   total 172032K, used 113749K [0x0000000089400000, 0x0000000100000000)
  region size 1024K, 70 young (71680K), 8 survivors (8192K)
 Metaspace       used 70484K, committed 71168K, reserved 1114112K
  class space    used 8811K, committed 9152K, reserved 1048576K
}
Event: 932.192 GC heap after
{Heap after GC invocations=203 (full 4):
 garbage-first heap   total 137216K, used 38366K [0x0000000089400000, 0x0000000100000000)
  region size 1024K, 0 young (0K), 0 survivors (0K)
 Metaspace       used 70481K, committed 71168K, reserved 1114112K
  class space    used 8811K, committed 9152K, reserved 1048576K
}

Dll operation events (9 events):
Event: 0.016 Loaded shared library C:\Users\Le Tuan Phat\.vscode\extensions\redhat.java-1.15.0-win32-x64\jre\17.0.6-win32-x86_64\bin\java.dll
Event: 0.210 Loaded shared library C:\Users\Le Tuan Phat\.vscode\extensions\redhat.java-1.15.0-win32-x64\jre\17.0.6-win32-x86_64\bin\net.dll
Event: 0.217 Loaded shared library C:\Users\Le Tuan Phat\.vscode\extensions\redhat.java-1.15.0-win32-x64\jre\17.0.6-win32-x86_64\bin\nio.dll
Event: 0.236 Loaded shared library C:\Users\Le Tuan Phat\.vscode\extensions\redhat.java-1.15.0-win32-x64\jre\17.0.6-win32-x86_64\bin\zip.dll
Event: 0.457 Loaded shared library C:\Users\Le Tuan Phat\.vscode\extensions\redhat.java-1.15.0-win32-x64\jre\17.0.6-win32-x86_64\bin\jimage.dll
Event: 0.828 Loaded shared library C:\Users\Le Tuan Phat\.vscode\extensions\redhat.java-1.15.0-win32-x64\jre\17.0.6-win32-x86_64\bin\management.dll
Event: 0.831 Loaded shared library C:\Users\Le Tuan Phat\.vscode\extensions\redhat.java-1.15.0-win32-x64\jre\17.0.6-win32-x86_64\bin\management_ext.dll
Event: 2.364 Loaded shared library C:\Users\Le Tuan Phat\.vscode\extensions\redhat.java-1.15.0-win32-x64\jre\17.0.6-win32-x86_64\bin\sunmscapi.dll
Event: 6.205 Loaded shared library C:\Users\Le Tuan Phat\.vscode\extensions\redhat.java-1.15.0-win32-x64\jre\17.0.6-win32-x86_64\bin\verify.dll

Deoptimization events (20 events):
Event: 925.708 Thread 0x0000024b7ca462f0 Uncommon trap: trap_request=0xffffffbe fr.pc=0x0000024b69fda9c8 relative=0x0000000000000d48
Event: 925.708 Thread 0x0000024b7ca462f0 Uncommon trap: reason=profile_predicate action=maybe_recompile pc=0x0000024b69fda9c8 method=org.springframework.core.annotation.TypeMappedAnnotation.asMap(Ljava/util/function/Function;[Lorg/springframework/core/annotation/MergedAnnotation$Adapt;)Ljava/uti
Event: 925.708 Thread 0x0000024b7ca462f0 DEOPT PACKING pc=0x0000024b69fda9c8 sp=0x000000e82a9fcb00
Event: 925.708 Thread 0x0000024b7ca462f0 DEOPT UNPACKING pc=0x0000024b692769a3 sp=0x000000e82a9fcaf0 mode 2
Event: 925.709 Thread 0x0000024b7ca462f0 Uncommon trap: trap_request=0xffffffbe fr.pc=0x0000024b69fda9c8 relative=0x0000000000000d48
Event: 925.709 Thread 0x0000024b7ca462f0 Uncommon trap: reason=profile_predicate action=maybe_recompile pc=0x0000024b69fda9c8 method=org.springframework.core.annotation.TypeMappedAnnotation.asMap(Ljava/util/function/Function;[Lorg/springframework/core/annotation/MergedAnnotation$Adapt;)Ljava/uti
Event: 925.709 Thread 0x0000024b7ca462f0 DEOPT PACKING pc=0x0000024b69fda9c8 sp=0x000000e82a9fcb00
Event: 925.709 Thread 0x0000024b7ca462f0 DEOPT UNPACKING pc=0x0000024b692769a3 sp=0x000000e82a9fcaf0 mode 2
Event: 925.710 Thread 0x0000024b7ca462f0 Uncommon trap: trap_request=0xffffffbe fr.pc=0x0000024b69fda9c8 relative=0x0000000000000d48
Event: 925.710 Thread 0x0000024b7ca462f0 Uncommon trap: reason=profile_predicate action=maybe_recompile pc=0x0000024b69fda9c8 method=org.springframework.core.annotation.TypeMappedAnnotation.asMap(Ljava/util/function/Function;[Lorg/springframework/core/annotation/MergedAnnotation$Adapt;)Ljava/uti
Event: 925.710 Thread 0x0000024b7ca462f0 DEOPT PACKING pc=0x0000024b69fda9c8 sp=0x000000e82a9fcb00
Event: 925.710 Thread 0x0000024b7ca462f0 DEOPT UNPACKING pc=0x0000024b692769a3 sp=0x000000e82a9fcaf0 mode 2
Event: 925.756 Thread 0x0000024b7ca462f0 Uncommon trap: trap_request=0xffffffbe fr.pc=0x0000024b69fda9c8 relative=0x0000000000000d48
Event: 925.756 Thread 0x0000024b7ca462f0 Uncommon trap: reason=profile_predicate action=maybe_recompile pc=0x0000024b69fda9c8 method=org.springframework.core.annotation.TypeMappedAnnotation.asMap(Ljava/util/function/Function;[Lorg/springframework/core/annotation/MergedAnnotation$Adapt;)Ljava/uti
Event: 925.756 Thread 0x0000024b7ca462f0 DEOPT PACKING pc=0x0000024b69fda9c8 sp=0x000000e82a9fcb00
Event: 925.756 Thread 0x0000024b7ca462f0 DEOPT UNPACKING pc=0x0000024b692769a3 sp=0x000000e82a9fcaf0 mode 2
Event: 932.415 Thread 0x0000024b7ca44610 Uncommon trap: trap_request=0xffffff76 fr.pc=0x0000024b6a0270a8 relative=0x0000000000000088
Event: 932.415 Thread 0x0000024b7ca44610 Uncommon trap: reason=predicate action=maybe_recompile pc=0x0000024b6a0270a8 method=java.util.TimSort.binarySort([Ljava/lang/Object;IIILjava/util/Comparator;)V @ 34 c2
Event: 932.415 Thread 0x0000024b7ca44610 DEOPT PACKING pc=0x0000024b6a0270a8 sp=0x000000e8281fd340
Event: 932.415 Thread 0x0000024b7ca44610 DEOPT UNPACKING pc=0x0000024b692769a3 sp=0x000000e8281fd2f0 mode 2

Classes unloaded (4 events):
Event: 28.534 Thread 0x0000024b78c54100 Unloading class 0x0000000100890400 'java/lang/invoke/LambdaForm$DMH+0x0000000100890400'
Event: 887.839 Thread 0x0000024b78c54100 Unloading class 0x00000001008cd800 'org/apache/catalina/loader/JdbcLeakPrevention'
Event: 923.036 Thread 0x0000024b78c54100 Unloading class 0x00000001008d4c00 'org/apache/catalina/loader/JdbcLeakPrevention'
Event: 932.131 Thread 0x0000024b78c54100 Unloading class 0x00000001008dc800 'org/apache/catalina/loader/JdbcLeakPrevention'

Classes redefined (0 events):
No events

Internal exceptions (20 events):
Event: 923.214 Thread 0x0000024b7ca462f0 Exception <a 'sun/nio/fs/WindowsException'{0x0000000091ddb110}> (0x0000000091ddb110) 
thrown [s\src\hotspot\share\prims\jni.cpp, line 516]
Event: 923.554 Thread 0x0000024b7ca462f0 Exception <a 'sun/nio/fs/WindowsException'{0x0000000091553990}> (0x0000000091553990) 
thrown [s\src\hotspot\share\prims\jni.cpp, line 516]
Event: 925.098 Thread 0x0000024b7ca462f0 Exception <a 'sun/nio/fs/WindowsException'{0x000000008fa39d20}> (0x000000008fa39d20) 
thrown [s\src\hotspot\share\prims\jni.cpp, line 516]
Event: 925.207 Thread 0x0000024b7ca462f0 Exception <a 'java/lang/NoClassDefFoundError'{0x000000008f429118}: org/flywaydb/core/Flyway> (0x000000008f429118) 
thrown [s\src\hotspot\share\oops\constantPool.cpp, line 835]
Event: 925.207 Thread 0x0000024b7ca462f0 Exception <a 'java/lang/NoClassDefFoundError'{0x000000008f429768}: liquibase/integration/spring/SpringLiquibase> (0x000000008f429768) 
thrown [s\src\hotspot\share\oops\constantPool.cpp, line 835]
Event: 925.212 Thread 0x0000024b7ca462f0 Exception <a 'java/lang/NoClassDefFoundError'{0x000000008f47ded0}: org/jooq/DSLContext> (0x000000008f47ded0) 
thrown [s\src\hotspot\share\oops\constantPool.cpp, line 835]
Event: 925.212 Thread 0x0000024b7ca462f0 Exception <a 'java/lang/NoClassDefFoundError'{0x000000008f4845f0}: org/springframework/batch/core/repository/JobRepository> (0x000000008f4845f0) 
thrown [s\src\hotspot\share\oops\constantPool.cpp, line 835]
Event: 925.212 Thread 0x0000024b7ca462f0 Exception <a 'java/lang/NoClassDefFoundError'{0x000000008f484c38}: org/quartz/Scheduler> (0x000000008f484c38) 
thrown [s\src\hotspot\share\oops\constantPool.cpp, line 835]
Event: 925.212 Thread 0x0000024b7ca462f0 Exception <a 'java/lang/NoClassDefFoundError'{0x000000008f4852a8}: org/springframework/session/jdbc/JdbcIndexedSessionRepository> (0x000000008f4852a8) 
thrown [s\src\hotspot\share\oops\constantPool.cpp, line 835]
Event: 925.304 Thread 0x0000024b7ca462f0 Exception <a 'sun/nio/fs/WindowsException'{0x000000008ecb5480}> (0x000000008ecb5480) 
thrown [s\src\hotspot\share\prims\jni.cpp, line 516]
Event: 925.304 Thread 0x0000024b7ca462f0 Exception <a 'sun/nio/fs/WindowsException'{0x000000008ecb5ba8}> (0x000000008ecb5ba8) 
thrown [s\src\hotspot\share\prims\jni.cpp, line 516]
Event: 925.304 Thread 0x0000024b7ca462f0 Exception <a 'sun/nio/fs/WindowsException'{0x000000008ecb62a0}> (0x000000008ecb62a0) 
thrown [s\src\hotspot\share\prims\jni.cpp, line 516]
Event: 925.316 Thread 0x0000024b7ca462f0 Exception <a 'java/io/FileNotFoundException'{0x000000008eb19c28}> (0x000000008eb19c28) 
thrown [s\src\hotspot\share\prims\jni.cpp, line 516]
Event: 925.413 Thread 0x0000024b7ca462f0 Exception <a 'java/io/FileNotFoundException'{0x0000000091bd3290}> (0x0000000091bd3290) 
thrown [s\src\hotspot\share\prims\jni.cpp, line 516]
Event: 925.442 Thread 0x0000024b7ca462f0 Exception <a 'sun/nio/fs/WindowsException'{0x00000000917c8a18}> (0x00000000917c8a18) 
thrown [s\src\hotspot\share\prims\jni.cpp, line 516]
Event: 925.806 Thread 0x0000024b7ca462f0 Exception <a 'sun/nio/fs/WindowsException'{0x0000000090990908}> (0x0000000090990908) 
thrown [s\src\hotspot\share\prims\jni.cpp, line 516]
Event: 932.099 Thread 0x0000024b7ca47fd0 Exception <a 'java/lang/InterruptedException'{0x000000008feba610}: sleep interrupted> (0x000000008feba610) 
thrown [s\src\hotspot\share\prims\jvm.cpp, line 3070]
Event: 932.222 Thread 0x0000024b7ca44610 Exception <a 'sun/nio/fs/WindowsException'{0x00000000919dabe0}> (0x00000000919dabe0) 
thrown [s\src\hotspot\share\prims\jni.cpp, line 516]
Event: 932.287 Thread 0x0000024b7ca44610 Exception <a 'sun/nio/fs/WindowsException'{0x00000000916ca9b8}> (0x00000000916ca9b8) 
thrown [s\src\hotspot\share\prims\jni.cpp, line 516]
Event: 933.114 Thread 0x0000024b7ca44610 Exception <a 'sun/nio/fs/WindowsException'{0x000000008f929650}> (0x000000008f929650) 
thrown [s\src\hotspot\share\prims\jni.cpp, line 516]

VM Operations (20 events):
Event: 918.901 Executing VM operation: G1Concurrent
Event: 918.902 Executing VM operation: G1Concurrent done
Event: 920.902 Executing VM operation: Cleanup
Event: 920.902 Executing VM operation: Cleanup done
Event: 921.964 Executing VM operation: G1CollectForAllocation
Event: 921.976 Executing VM operation: G1CollectForAllocation done
Event: 922.016 Executing VM operation: G1CollectForAllocation
Event: 922.024 Executing VM operation: G1CollectForAllocation done
Event: 923.005 Executing VM operation: G1CollectFull
Event: 923.132 Executing VM operation: G1CollectFull done
Event: 925.132 Executing VM operation: Cleanup
Event: 925.133 Executing VM operation: Cleanup done
Event: 925.371 Executing VM operation: G1CollectForAllocation
Event: 925.378 Executing VM operation: G1CollectForAllocation done
Event: 926.378 Executing VM operation: Cleanup
Event: 926.380 Executing VM operation: Cleanup done
Event: 927.948 Executing VM operation: G1CollectForAllocation
Event: 927.966 Executing VM operation: G1CollectForAllocation done
Event: 932.103 Executing VM operation: G1CollectFull
Event: 932.193 Executing VM operation: G1CollectFull done

Events (20 events):
Event: 932.086 Thread 0x0000024b7ca497e0 Thread exited: 0x0000024b7ca497e0
Event: 932.086 Thread 0x0000024b7ca4aff0 Thread exited: 0x0000024b7ca4aff0
Event: 932.086 Thread 0x0000024b7ca45e20 Thread exited: 0x0000024b7ca45e20
Event: 932.086 Thread 0x0000024b7ca46c90 Thread exited: 0x0000024b7ca46c90
Event: 932.086 Thread 0x0000024b7ca44610 Thread exited: 0x0000024b7ca44610
Event: 932.086 Thread 0x0000024b7ca47160 Thread exited: 0x0000024b7ca47160
Event: 932.086 Thread 0x0000024b7ca44140 Thread exited: 0x0000024b7ca44140
Event: 932.089 Thread 0x0000024b7ca45480 Thread added: 0x0000024b7ca45480
Event: 932.090 Thread 0x0000024b7ca48e40 Thread exited: 0x0000024b7ca48e40
Event: 932.090 Thread 0x0000024b7ca49310 Thread exited: 0x0000024b7ca49310
Event: 932.095 Thread 0x0000024b7ca45480 Thread exited: 0x0000024b7ca45480
Event: 932.100 Thread 0x0000024b7ca48970 Thread exited: 0x0000024b7ca48970
Event: 932.101 Thread 0x0000024b7ca47fd0 Thread exited: 0x0000024b7ca47fd0
Event: 932.193 Thread 0x0000024b7ca44fb0 Thread exited: 0x0000024b7ca44fb0
Event: 932.193 Thread 0x0000024b7ca45480 Thread added: 0x0000024b7ca45480
Event: 932.193 Thread 0x0000024b7ca45480 Thread exited: 0x0000024b7ca45480
Event: 932.194 Thread 0x0000024b7ca44610 Thread added: 0x0000024b7ca44610
Event: 932.367 Thread 0x0000024b7ca46c90 Thread added: 0x0000024b7ca46c90
Event: 932.402 Thread 0x0000024b7ca46c90 Thread exited: 0x0000024b7ca46c90
Event: 932.403 Thread 0x0000024b7c4d2710 Thread added: 0x0000024b7c4d2710


Dynamic libraries:
0x00007ff6f5750000 - 0x00007ff6f575e000 	C:\Users\Le Tuan Phat\.vscode\extensions\redhat.java-1.15.0-win32-x64\jre\17.0.6-win32-x86_64\bin\java.exe
0x00007ff9e7af0000 - 0x00007ff9e7ce8000 	C:\Windows\SYSTEM32\ntdll.dll
0x00007ff9e6260000 - 0x00007ff9e631d000 	C:\Windows\System32\KERNEL32.DLL
0x00007ff9e53a0000 - 0x00007ff9e5696000 	C:\Windows\System32\KERNELBASE.dll
0x00007ff9e5740000 - 0x00007ff9e5840000 	C:\Windows\System32\ucrtbase.dll
0x00007ff9d5dc0000 - 0x00007ff9d5dd9000 	C:\Users\Le Tuan Phat\.vscode\extensions\redhat.java-1.15.0-win32-x64\jre\17.0.6-win32-x86_64\bin\VCRUNTIME140.dll
0x00007ff9d7080000 - 0x00007ff9d7097000 	C:\Users\Le Tuan Phat\.vscode\extensions\redhat.java-1.15.0-win32-x64\jre\17.0.6-win32-x86_64\bin\jli.dll
0x00007ff9e6390000 - 0x00007ff9e652e000 	C:\Windows\System32\USER32.dll
0x00007ff9d4310000 - 0x00007ff9d45aa000 	C:\Windows\WinSxS\amd64_microsoft.windows.common-controls_6595b64144ccf1df_6.0.19041.3636_none_60b6a03d71f818d5\COMCTL32.dll
0x00007ff9e5990000 - 0x00007ff9e59b2000 	C:\Windows\System32\win32u.dll
0x00007ff9e7320000 - 0x00007ff9e73be000 	C:\Windows\System32\msvcrt.dll
0x00007ff9e7620000 - 0x00007ff9e764c000 	C:\Windows\System32\GDI32.dll
0x00007ff9e5280000 - 0x00007ff9e539a000 	C:\Windows\System32\gdi32full.dll
0x00007ff9e56a0000 - 0x00007ff9e573d000 	C:\Windows\System32\msvcp_win.dll
0x00007ff9e7650000 - 0x00007ff9e7680000 	C:\Windows\System32\IMM32.DLL
0x00007ff9e2250000 - 0x00007ff9e225c000 	C:\Users\Le Tuan Phat\.vscode\extensions\redhat.java-1.15.0-win32-x64\jre\17.0.6-win32-x86_64\bin\vcruntime140_1.dll
0x00007ff9c2120000 - 0x00007ff9c21b1000 	C:\Users\Le Tuan Phat\.vscode\extensions\redhat.java-1.15.0-win32-x64\jre\17.0.6-win32-x86_64\bin\msvcp140.dll
0x00007ff96f170000 - 0x00007ff96fdb7000 	C:\Users\Le Tuan Phat\.vscode\extensions\redhat.java-1.15.0-win32-x64\jre\17.0.6-win32-x86_64\bin\server\jvm.dll
0x00007ff9e7870000 - 0x00007ff9e791f000 	C:\Windows\System32\ADVAPI32.dll
0x00007ff9e77d0000 - 0x00007ff9e786c000 	C:\Windows\System32\sechost.dll
0x00007ff9e7690000 - 0x00007ff9e77b6000 	C:\Windows\System32\RPCRT4.dll
0x00007ff9dbf10000 - 0x00007ff9dbf37000 	C:\Windows\SYSTEM32\WINMM.dll
0x00007ff9dc110000 - 0x00007ff9dc11a000 	C:\Windows\SYSTEM32\VERSION.dll
0x00007ff9dc380000 - 0x00007ff9dc389000 	C:\Windows\SYSTEM32\WSOCK32.dll
0x00007ff9e6320000 - 0x00007ff9e638b000 	C:\Windows\System32\WS2_32.dll
0x00007ff9e3070000 - 0x00007ff9e3082000 	C:\Windows\SYSTEM32\kernel.appcore.dll
0x00007ff9d8e10000 - 0x00007ff9d8e1a000 	C:\Users\Le Tuan Phat\.vscode\extensions\redhat.java-1.15.0-win32-x64\jre\17.0.6-win32-x86_64\bin\jimage.dll
0x00007ff9e29a0000 - 0x00007ff9e2b84000 	C:\Windows\SYSTEM32\DBGHELP.DLL
0x00007ff9dc0d0000 - 0x00007ff9dc104000 	C:\Windows\SYSTEM32\dbgcore.DLL
0x00007ff9e5900000 - 0x00007ff9e5982000 	C:\Windows\System32\bcryptPrimitives.dll
0x00007ff9b87c0000 - 0x00007ff9b87e5000 	C:\Users\Le Tuan Phat\.vscode\extensions\redhat.java-1.15.0-win32-x64\jre\17.0.6-win32-x86_64\bin\java.dll
0x00007ff9d5c50000 - 0x00007ff9d5c68000 	C:\Users\Le Tuan Phat\.vscode\extensions\redhat.java-1.15.0-win32-x64\jre\17.0.6-win32-x86_64\bin\zip.dll
0x00007ff9e6740000 - 0x00007ff9e6e84000 	C:\Windows\System32\SHELL32.dll
0x00007ff9e3290000 - 0x00007ff9e3a2b000 	C:\Windows\SYSTEM32\windows.storage.dll
0x00007ff9e6fc0000 - 0x00007ff9e7314000 	C:\Windows\System32\combase.dll
0x00007ff9e4c10000 - 0x00007ff9e4c3d000 	C:\Windows\SYSTEM32\Wldp.dll
0x00007ff9e6610000 - 0x00007ff9e66bd000 	C:\Windows\System32\SHCORE.dll
0x00007ff9e60e0000 - 0x00007ff9e6135000 	C:\Windows\System32\shlwapi.dll
0x00007ff9e5100000 - 0x00007ff9e5125000 	C:\Windows\SYSTEM32\profapi.dll
0x00007ff9d17f0000 - 0x00007ff9d1809000 	C:\Users\Le Tuan Phat\.vscode\extensions\redhat.java-1.15.0-win32-x64\jre\17.0.6-win32-x86_64\bin\net.dll
0x00007ff9e1e00000 - 0x00007ff9e1f0a000 	C:\Windows\SYSTEM32\WINHTTP.dll
0x00007ff9e4970000 - 0x00007ff9e49da000 	C:\Windows\system32\mswsock.dll
0x00007ff9ca5a0000 - 0x00007ff9ca5b5000 	C:\Users\Le Tuan Phat\.vscode\extensions\redhat.java-1.15.0-win32-x64\jre\17.0.6-win32-x86_64\bin\nio.dll
0x00007ff9d5fb0000 - 0x00007ff9d5fb9000 	C:\Users\Le Tuan Phat\.vscode\extensions\redhat.java-1.15.0-win32-x64\jre\17.0.6-win32-x86_64\bin\management.dll
0x00007ff9d5fa0000 - 0x00007ff9d5fab000 	C:\Users\Le Tuan Phat\.vscode\extensions\redhat.java-1.15.0-win32-x64\jre\17.0.6-win32-x86_64\bin\management_ext.dll
0x00007ff9e5b50000 - 0x00007ff9e5b58000 	C:\Windows\System32\PSAPI.DLL
0x00007ff9d5d70000 - 0x00007ff9d5d7e000 	C:\Users\Le Tuan Phat\.vscode\extensions\redhat.java-1.15.0-win32-x64\jre\17.0.6-win32-x86_64\bin\sunmscapi.dll
0x00007ff9e59c0000 - 0x00007ff9e5b1d000 	C:\Windows\System32\CRYPT32.dll
0x00007ff9e4c80000 - 0x00007ff9e4ca7000 	C:\Windows\SYSTEM32\ncrypt.dll
0x00007ff9e4c40000 - 0x00007ff9e4c7b000 	C:\Windows\SYSTEM32\NTASN1.dll
0x00007ff9e4b60000 - 0x00007ff9e4b78000 	C:\Windows\SYSTEM32\CRYPTSP.dll
0x00007ff9e4230000 - 0x00007ff9e4264000 	C:\Windows\system32\rsaenh.dll
0x00007ff9e5b20000 - 0x00007ff9e5b47000 	C:\Windows\System32\bcrypt.dll
0x00007ff9e50c0000 - 0x00007ff9e50ee000 	C:\Windows\SYSTEM32\USERENV.dll
0x00007ff9e4b80000 - 0x00007ff9e4b8c000 	C:\Windows\SYSTEM32\CRYPTBASE.dll
0x00007ff9e4610000 - 0x00007ff9e464b000 	C:\Windows\SYSTEM32\IPHLPAPI.DLL
0x00007ff9e77c0000 - 0x00007ff9e77c8000 	C:\Windows\System32\NSI.dll
0x00007ff9de530000 - 0x00007ff9de547000 	C:\Windows\SYSTEM32\dhcpcsvc6.DLL
0x00007ff9de710000 - 0x00007ff9de72d000 	C:\Windows\SYSTEM32\dhcpcsvc.DLL
0x00007ff9e4650000 - 0x00007ff9e471a000 	C:\Windows\SYSTEM32\DNSAPI.dll
0x00007ff9d87d0000 - 0x00007ff9d87e0000 	C:\Users\Le Tuan Phat\.vscode\extensions\redhat.java-1.15.0-win32-x64\jre\17.0.6-win32-x86_64\bin\verify.dll
0x00007ff9d2220000 - 0x00007ff9d2237000 	C:\Windows\system32\napinsp.dll
0x00007ff9d2200000 - 0x00007ff9d221b000 	C:\Windows\system32\pnrpnsp.dll
0x00007ff9d21e0000 - 0x00007ff9d21f5000 	C:\Windows\system32\wshbth.dll
0x00007ff9e21d0000 - 0x00007ff9e21ed000 	C:\Windows\system32\NLAapi.dll
0x00007ff9d20e0000 - 0x00007ff9d20f2000 	C:\Windows\System32\winrnr.dll
0x00007ff9de470000 - 0x00007ff9de47a000 	C:\Windows\System32\rasadhlp.dll
0x00007ff9ddf40000 - 0x00007ff9ddfc0000 	C:\Windows\System32\fwpuclnt.dll
0x00007ff9d5d90000 - 0x00007ff9d5d97000 	C:\Windows\system32\wshunix.dll

dbghelp: loaded successfully - version: 4.0.5 - missing functions: none
symbol engine: initialized successfully - sym options: 0x614 - pdb path: .;C:\Users\Le Tuan Phat\.vscode\extensions\redhat.java-1.15.0-win32-x64\jre\17.0.6-win32-x86_64\bin;C:\Windows\SYSTEM32;C:\Windows\WinSxS\amd64_microsoft.windows.common-controls_6595b64144ccf1df_6.0.19041.3636_none_60b6a03d71f818d5;C:\Users\Le Tuan Phat\.vscode\extensions\redhat.java-1.15.0-win32-x64\jre\17.0.6-win32-x86_64\bin\server

VM Arguments:
jvm_args: -XX:+ShowCodeDetailsInExceptionMessages 
java_command: com.example.demo.DemoApplication
java_class_path (initial): E:\Java6\JV6\target\classes;C:\Users\Le Tuan Phat\.m2\repository\org\springframework\boot\spring-boot-starter-thymeleaf\3.2.0\spring-boot-starter-thymeleaf-3.2.0.jar;C:\Users\Le Tuan Phat\.m2\repository\org\springframework\boot\spring-boot-starter\3.2.0\spring-boot-starter-3.2.0.jar;C:\Users\Le Tuan Phat\.m2\repository\org\springframework\boot\spring-boot-starter-logging\3.2.0\spring-boot-starter-logging-3.2.0.jar;C:\Users\Le Tuan Phat\.m2\repository\ch\qos\logback\logback-classic\1.4.11\logback-classic-1.4.11.jar;C:\Users\Le Tuan Phat\.m2\repository\ch\qos\logback\logback-core\1.4.11\logback-core-1.4.11.jar;C:\Users\Le Tuan Phat\.m2\repository\org\apache\logging\log4j\log4j-to-slf4j\2.21.1\log4j-to-slf4j-2.21.1.jar;C:\Users\Le Tuan Phat\.m2\repository\org\apache\logging\log4j\log4j-api\2.21.1\log4j-api-2.21.1.jar;C:\Users\Le Tuan Phat\.m2\repository\org\slf4j\jul-to-slf4j\2.0.9\jul-to-slf4j-2.0.9.jar;C:\Users\Le Tuan Phat\.m2\repository\org\yaml\snakeyaml\2.2\snakeyaml-2.2.jar;C:\Users\Le Tuan Phat\.m2\repository\org\thymeleaf\thymeleaf-spring6\3.1.2.RELEASE\thymeleaf-spring6-3.1.2.RELEASE.jar;C:\Users\Le Tuan Phat\.m2\repository\org\thymeleaf\thymeleaf\3.1.2.RELEASE\thymeleaf-3.1.2.RELEASE.jar;C:\Users\Le Tuan Phat\.m2\repository\org\attoparser\attoparser\2.0.7.RELEASE\attoparser-2.0.7.RELEASE.jar;C:\Users\Le Tuan Phat\.m2\repository\org\unbescape\unbescape\1.1.6.RELEASE\unbescape-1.1.6.RELEASE.jar;C:\Users\Le Tuan Phat\.m2\repository\org\slf4j\slf4j-api\2.0.9\slf4j-api-2.0.9.jar;C:\Users\Le Tuan Phat\.m2\repository\org\springframework\boot\spring-boot-starter-validation\3.2.0\spring-boot-starter-validation-3.2.0.jar;C:\Users\Le Tuan Phat\.m2\repository\org\apache\tomcat\embed\tomcat-embed-el\10.1.16\tomcat-embed-el-10.1.16.jar;C:\Users\Le Tuan Phat\.m2\repository\org\hibernate\validator\hibernate-validator\8.0.1.Final\hibernate-validator-8.0.1.Final.jar;C:\Users\Le Tuan Phat\.m2\repository\jakarta\validation\jakarta.validation-api\3.0
Launcher Type: SUN_STANDARD

[Global flags]
     intx CICompilerCount                          = 12                                        {product} {ergonomic}
     uint ConcGCThreads                            = 3                                         {product} {ergonomic}
     uint G1ConcRefinementThreads                  = 13                                        {product} {ergonomic}
   size_t G1HeapRegionSize                         = 1048576                                   {product} {ergonomic}
    uintx GCDrainStackTargetSize                   = 64                                        {product} {ergonomic}
   size_t InitialHeapSize                          = 125829120                                 {product} {ergonomic}
   size_t MarkStackSize                            = 4194304                                   {product} {ergonomic}
   size_t MaxHeapSize                              = 1992294400                                {product} {ergonomic}
   size_t MaxNewSize                               = 1195376640                                {product} {ergonomic}
   size_t MinHeapDeltaBytes                        = 1048576                                   {product} {ergonomic}
   size_t MinHeapSize                              = 8388608                                   {product} {ergonomic}
    uintx NonNMethodCodeHeapSize                   = 7602480                                {pd product} {ergonomic}
    uintx NonProfiledCodeHeapSize                  = 122027880                              {pd product} {ergonomic}
    uintx ProfiledCodeHeapSize                     = 122027880                              {pd product} {ergonomic}
    uintx ReservedCodeCacheSize                    = 251658240                              {pd product} {ergonomic}
     bool SegmentedCodeCache                       = true                                      {product} {ergonomic}
     bool ShowCodeDetailsInExceptionMessages       = true                                   {manageable} {command line}
   size_t SoftMaxHeapSize                          = 1992294400                             {manageable} {ergonomic}
     bool UseCompressedClassPointers               = true                           {product lp64_product} {ergonomic}
     bool UseCompressedOops                        = true                           {product lp64_product} {ergonomic}
     bool UseG1GC                                  = true                                      {product} {ergonomic}
     bool UseLargePagesIndividualAllocation        = false                                  {pd product} {ergonomic}

Logging:
Log output configuration:
 #0: stdout all=warning uptime,level,tags
 #1: stderr all=off uptime,level,tags

Environment Variables:
PATH=C:\Program Files\Microsoft MPI\Bin\;C:\Program Files\Common Files\Oracle\Java\javapath;C:\Windows\system32;C:\Windows;C:\Windows\System32\Wbem;C:\Windows\System32\WindowsPowerShell\v1.0\;C:\Windows\System32\OpenSSH\;C:\Program Files (x86)\Microsoft SQL Server\130\Tools\Binn\;C:\Program Files\Microsoft SQL Server\130\Tools\Binn\;C:\Program Files (x86)\Microsoft SQL Server\130\DTS\Binn\;C:\Program Files\Microsoft SQL Server\130\DTS\Binn\;C:\Program Files\Microsoft SQL Server\Client SDK\ODBC\130\Tools\Binn\;C:\Program Files\dotnet\;C:\Program Files\nodejs\;D:\VietPN;C:\Program Files (x86)\Microsoft SQL Server\160\Tools\Binn\;C:\Program Files\Microsoft SQL Server\160\Tools\Binn\;C:\Program Files\Microsoft SQL Server\Client SDK\ODBC\170\Tools\Binn\;C:\Program Files\Microsoft SQL Server\160\DTS\Binn\;C:\Program Files (x86)\Microsoft SQL Server\160\DTS\Binn\;C:\Program Files\Azure Data Studio\bin;C:\Program Files\Git\cmd;C:\Users\Le Tuan Phat\AppData\Local\Microsoft\WindowsApps;C:\Users\Le Tuan Phat\AppData\Roaming\npm
USERNAME=Le Tuan Phat
LANG=en_US.UTF-8
OS=Windows_NT
PROCESSOR_IDENTIFIER=AMD64 Family 23 Model 96 Stepping 1, AuthenticAMD
TMP=C:\Users\LETUAN~1\AppData\Local\Temp
TEMP=C:\Users\LETUAN~1\AppData\Local\Temp



---------------  S Y S T E M  ---------------

OS:
 Windows 10 , 64 bit Build 19041 (10.0.19041.3636)
OS uptime: 8 days 5:38 hours

CPU: total 16 (initial active 16) (16 cores per cpu, 2 threads per core) family 23 model 96 stepping 1 microcode 0x0, cx8, cmov, fxsr, ht, mmx, 3dnowpref, sse, sse2, sse3, ssse3, sse4a, sse4.1, sse4.2, popcnt, lzcnt, tsc, tscinvbit, avx, avx2, aes, clmul, bmi1, bmi2, adx, sha, fma, vzeroupper, clflush, clflushopt

Memory: 4k page, system-wide physical 7599M (432M free)
TotalPageFile size 15086M (AvailPageFile size 0M)
current process WorkingSet (physical memory assigned to process): 343M, peak: 383M
current process commit charge ("private bytes"): 385M, peak: 442M

vm_info: OpenJDK 64-Bit Server VM (17.0.6+10) for windows-amd64 JRE (17.0.6+10), built on Jan 18 2023 10:08:59 by "temurin" with MS VC++ 16.7 (VS2019)

END.
